{"time":"2026-02-22T19:21:01.600284-08:00","level":"INFO","msg":"friends: Add: friend added","user_id":"u1","friend_id":"u2"}
{"time":"2026-02-22T19:21:01.601137-08:00","level":"WARN","msg":"friends: Add: missing friend_id","user_id":"u1"}
{"time":"2026-02-22T19:21:01.602168-08:00","level":"ERROR","msg":"friends: Add: store error","user_id":"u1","friend_id":"missing","error":"one or more users not found"}
{"time":"2026-02-22T19:21:01.602344-08:00","level":"ERROR","msg":"friends: Add: failed to decode request body","user_id":"u1","error":"invalid character 'b' looking for beginning of object key string"}
{"time":"2026-02-22T19:21:01.648986-08:00","level":"DEBUG","msg":"friends: List: request","user_id":"u1"}
{"time":"2026-02-22T19:21:01.65334-08:00","level":"DEBUG","msg":"friends: List: success","user_id":"u1","count":1}
{"time":"2026-02-22T19:21:01.653762-08:00","level":"DEBUG","msg":"friends: List: request","user_id":"nobody"}
{"time":"2026-02-22T19:21:01.654204-08:00","level":"DEBUG","msg":"friends: List: success","user_id":"nobody","count":0}
{"time":"2026-02-22T19:21:01.684152-08:00","level":"INFO","msg":"messages: Create: message created","id":"1b32584c63af099540590e9b442b91d1","server_id":"s1","author_id":"u1"}
{"time":"2026-02-22T19:21:01.684458-08:00","level":"WARN","msg":"messages: Create: missing required fields","server_id":"s1","author_id":"u1"}
{"time":"2026-02-22T19:21:01.684543-08:00","level":"WARN","msg":"messages: Create: missing required fields","server_id":"s1","author_id":""}
{"time":"2026-02-22T19:21:01.684927-08:00","level":"ERROR","msg":"messages: Create: store error","server_id":"missing","author_id":"u1","error":"server missing not found"}
{"time":"2026-02-22T19:21:01.685026-08:00","level":"ERROR","msg":"messages: Create: failed to decode request body","server_id":"s1","error":"invalid character 'b' looking for beginning of object key string"}
{"time":"2026-02-22T19:21:01.714509-08:00","level":"DEBUG","msg":"messages: ListByServer: request","server_id":"s1"}
{"time":"2026-02-22T19:21:01.716441-08:00","level":"DEBUG","msg":"messages: ListByServer: success","server_id":"s1","count":2}
{"time":"2026-02-22T19:21:01.716658-08:00","level":"DEBUG","msg":"messages: ListByServer: request","server_id":"empty"}
{"time":"2026-02-22T19:21:01.716903-08:00","level":"DEBUG","msg":"messages: ListByServer: success","server_id":"empty","count":0}
{"time":"2026-02-22T19:21:01.738867-08:00","level":"INFO","msg":"posts: Create: post created","id":"99104884998eca7922470de21b245de3","server_id":"","author_id":"u1","title":"Hello"}
{"time":"2026-02-22T19:21:01.739137-08:00","level":"WARN","msg":"posts: Create: missing required fields","server_id":"","author_id":"u1","title":""}
{"time":"2026-02-22T19:21:01.739213-08:00","level":"WARN","msg":"posts: Create: missing required fields","server_id":"","author_id":"","title":"Hello"}
{"time":"2026-02-22T19:21:01.739281-08:00","level":"ERROR","msg":"posts: Create: failed to decode request body","server_id":"","error":"invalid character 'b' looking for beginning of object key string"}
{"time":"2026-02-22T19:21:01.762772-08:00","level":"DEBUG","msg":"posts: Get: request","server_id":"","id":"p1"}
{"time":"2026-02-22T19:21:01.771488-08:00","level":"DEBUG","msg":"posts: Get: success","id":"p1","title":"Hello"}
{"time":"2026-02-22T19:21:01.771785-08:00","level":"DEBUG","msg":"posts: Get: request","server_id":"","id":"missing"}
{"time":"2026-02-22T19:21:01.772197-08:00","level":"ERROR","msg":"posts: Get: not found","server_id":"","id":"missing","error":"post missing not found"}
{"time":"2026-02-22T19:21:01.796934-08:00","level":"INFO","msg":"posts: Update: post updated","id":"p1","title":"Updated"}
{"time":"2026-02-22T19:21:01.798054-08:00","level":"INFO","msg":"posts: Update: post updated","id":"p1","title":"Updated"}
{"time":"2026-02-22T19:21:01.79847-08:00","level":"ERROR","msg":"posts: Update: post not found","server_id":"","id":"missing","error":"post missing not found"}
{"time":"2026-02-22T19:21:01.798829-08:00","level":"ERROR","msg":"posts: Update: failed to decode request body","id":"p1","error":"invalid character 'b' looking for beginning of object key string"}
{"time":"2026-02-22T19:21:01.820959-08:00","level":"DEBUG","msg":"posts: Delete: request","id":"p1"}
{"time":"2026-02-22T19:21:01.821297-08:00","level":"INFO","msg":"posts: Delete: post deleted","id":"p1"}
{"time":"2026-02-22T19:21:01.821337-08:00","level":"DEBUG","msg":"posts: Delete: request","id":"missing"}
{"time":"2026-02-22T19:21:01.821549-08:00","level":"ERROR","msg":"posts: Delete: store error","id":"missing","error":"post missing not found"}
{"time":"2026-02-22T19:21:01.83881-08:00","level":"INFO","msg":"servers: Create: server created","id":"6f9126756b99e482a4382b23b034fa8c","name":"general","owner_id":"u1"}
{"time":"2026-02-22T19:21:01.838871-08:00","level":"WARN","msg":"servers: Create: missing required fields","name":"","owner_id":"u1"}
{"time":"2026-02-22T19:21:01.838898-08:00","level":"WARN","msg":"servers: Create: missing required fields","name":"general","owner_id":""}
{"time":"2026-02-22T19:21:01.838926-08:00","level":"ERROR","msg":"servers: Create: failed to decode request body","error":"invalid character 'b' looking for beginning of object key string"}
{"time":"2026-02-22T19:21:01.852877-08:00","level":"INFO","msg":"servers: Join: user joined server","server_id":"s1","user_id":"u1"}
{"time":"2026-02-22T19:21:01.853282-08:00","level":"INFO","msg":"servers: Join: user joined server","server_id":"s1","user_id":"u1"}
{"time":"2026-02-22T19:21:01.853446-08:00","level":"ERROR","msg":"servers: Join: store error","server_id":"missing","user_id":"u1","error":"server missing not found"}
{"time":"2026-02-22T19:21:01.853722-08:00","level":"ERROR","msg":"servers: Join: store error","server_id":"s1","user_id":"missing","error":"user missing not found"}
{"time":"2026-02-22T19:21:01.853746-08:00","level":"WARN","msg":"servers: Join: missing user_id","server_id":"s1"}
{"time":"2026-02-22T19:21:01.853768-08:00","level":"ERROR","msg":"servers: Join: failed to decode request body","server_id":"s1","error":"invalid character 'b' looking for beginning of object key string"}
{"time":"2026-02-22T19:21:01.867838-08:00","level":"DEBUG","msg":"servers: ListMembers: request","server_id":"s1"}
{"time":"2026-02-22T19:21:01.868167-08:00","level":"DEBUG","msg":"servers: ListMembers: success","server_id":"s1","count":2}
{"time":"2026-02-22T19:21:01.868386-08:00","level":"DEBUG","msg":"servers: ListMembers: request","server_id":"s2"}
{"time":"2026-02-22T19:21:01.868571-08:00","level":"DEBUG","msg":"servers: ListMembers: success","server_id":"s2","count":0}
{"time":"2026-02-22T19:21:01.88276-08:00","level":"DEBUG","msg":"servers: Get: request","id":"s1"}
{"time":"2026-02-22T19:21:01.883649-08:00","level":"DEBUG","msg":"servers: Get: success","id":"s1","name":"general"}
{"time":"2026-02-22T19:21:01.883707-08:00","level":"DEBUG","msg":"servers: Get: request","id":"missing"}
{"time":"2026-02-22T19:21:01.883963-08:00","level":"ERROR","msg":"servers: Get: not found","id":"missing","error":"server missing not found"}
{"time":"2026-02-22T19:21:01.897867-08:00","level":"INFO","msg":"users: Create: user created","id":"274249bd25d786ff0a0a5052abce075c","username":"alice"}
{"time":"2026-02-22T19:21:01.897914-08:00","level":"WARN","msg":"users: Create: missing required fields","username":"","email":"alice@example.com"}
{"time":"2026-02-22T19:21:01.897939-08:00","level":"WARN","msg":"users: Create: missing required fields","username":"alice","email":""}
{"time":"2026-02-22T19:21:01.897957-08:00","level":"ERROR","msg":"users: Create: failed to decode request body","error":"invalid character 'b' looking for beginning of object key string"}
{"time":"2026-02-22T19:21:01.911668-08:00","level":"DEBUG","msg":"users: Get: request","id":"u1"}
{"time":"2026-02-22T19:21:01.912019-08:00","level":"DEBUG","msg":"users: Get: success","id":"u1","username":"alice"}
{"time":"2026-02-22T19:21:01.912053-08:00","level":"DEBUG","msg":"users: Get: request","id":"missing"}
{"time":"2026-02-22T19:21:01.912279-08:00","level":"ERROR","msg":"users: Get: not found","id":"missing","error":"user missing not found"}
{"time":"2026-02-22T19:21:01.926726-08:00","level":"DEBUG","msg":"votes: GetVote: request","post_id":"p1","author":"u1"}
{"time":"2026-02-22T19:21:01.926963-08:00","level":"DEBUG","msg":"votes: GetVote: success","post_id":"p1","author":"u1","vote":1}
{"time":"2026-02-22T19:21:01.927004-08:00","level":"DEBUG","msg":"votes: GetVote: request","post_id":"p1","author":"u2"}
{"time":"2026-02-22T19:21:01.927212-08:00","level":"ERROR","msg":"votes: GetVote: not found","post_id":"p1","author":"u2","error":"Vote p1-u2 not found"}
{"time":"2026-02-22T19:21:01.927244-08:00","level":"ERROR","msg":"votes: GetVote: failed to decode request body","post_id":"p1","error":"invalid character 'b' looking for beginning of object key string"}
{"time":"2026-02-22T19:21:01.944232-08:00","level":"INFO","msg":"votes: PutVote: vote recorded","post_id":"p1","author":"u1","vote":1}
{"time":"2026-02-22T19:21:01.945129-08:00","level":"INFO","msg":"votes: PutVote: vote recorded","post_id":"p1","author":"u2","vote":-1}
{"time":"2026-02-22T19:21:01.945533-08:00","level":"DEBUG","msg":"votes: PutVote: vote unchanged or invalid","post_id":"p1","author":"u1","requested_vote":1,"existing_vote":1}
{"time":"2026-02-22T19:21:01.94579-08:00","level":"ERROR","msg":"votes: PutVote: post not found","server_id":"s1","post_id":"missing","error":"post missing not found"}
{"time":"2026-02-22T19:21:01.946034-08:00","level":"ERROR","msg":"votes: PutVote: failed to decode request body","post_id":"p1","error":"invalid character 'b' looking for beginning of object key string"}
